# JRE version: Java(TM) SE Runtime Environment (8.0_201-b09) (build 1.8.0_201-b09)
# Java VM: Java HotSpot(TM) 64-Bit Server VM (25.201-b09 mixed mode windows-amd64 compressed oops)
Heap:
 PSYoungGen      total 132608K, used 46336K [0x00000000d5f80000, 0x00000000df080000, 0x0000000100000000)
  eden space 125952K, 36% used [0x00000000d5f80000,0x00000000d8cc0028,0x00000000dda80000)
  from space 6656K, 0% used [0x00000000dea00000,0x00000000dea00000,0x00000000df080000)
  to   space 8704K, 0% used [0x00000000ddf80000,0x00000000ddf80000,0x00000000de800000)
 ParOldGen       total 56832K, used 11164K [0x0000000081e00000, 0x0000000085580000, 0x00000000d5f80000)
  object space 56832K, 19% used [0x0000000081e00000,0x00000000828e7010,0x0000000085580000)
 Metaspace       used 34500K, capacity 36978K, committed 37168K, reserved 1081344K
  class space    used 4624K, capacity 5057K, committed 5168K, reserved 1048576K
GC Heap History (10 events):
Event: 1.813 GC heap before
{Heap before GC invocations=6 (full 1):
 PSYoungGen      total 71680K, used 5070K [0x00000000d5f80000, 0x00000000df280000, 0x0000000100000000)
  eden space 66560K, 0% used [0x00000000d5f80000,0x00000000d5f80000,0x00000000da080000)
  from space 5120K, 99% used [0x00000000da080000,0x00000000da573ab0,0x00000000da580000)
  to   space 8704K, 0% used [0x00000000dea00000,0x00000000dea00000,0x00000000df280000)
 ParOldGen       total 87552K, used 4966K [0x0000000081e00000, 0x0000000087380000, 0x00000000d5f80000)
  object space 87552K, 5% used [0x0000000081e00000,0x00000000822d98e8,0x0000000087380000)
 Metaspace       used 19912K, capacity 21238K, committed 21296K, reserved 1067008K
  class space    used 2572K, capacity 2841K, committed 2864K, reserved 1048576K
Event: 1.835 GC heap after
Heap after GC invocations=6 (full 1):
 PSYoungGen      total 71680K, used 0K [0x00000000d5f80000, 0x00000000df280000, 0x0000000100000000)
  eden space 66560K, 0% used [0x00000000d5f80000,0x00000000d5f80000,0x00000000da080000)
  from space 5120K, 0% used [0x00000000da080000,0x00000000da080000,0x00000000da580000)
  to   space 8704K, 0% used [0x00000000dea00000,0x00000000dea00000,0x00000000df280000)
 ParOldGen       total 45056K, used 5413K [0x0000000081e00000, 0x0000000084a00000, 0x00000000d5f80000)
  object space 45056K, 12% used [0x0000000081e00000,0x0000000082349420,0x0000000084a00000)
 Metaspace       used 19912K, capacity 21238K, committed 21296K, reserved 1067008K
  class space    used 2572K, capacity 2841K, committed 2864K, reserved 1048576K
}
Event: 2.538 GC heap before
{Heap before GC invocations=7 (full 1):
 PSYoungGen      total 71680K, used 66560K [0x00000000d5f80000, 0x00000000df280000, 0x0000000100000000)
  eden space 66560K, 100% used [0x00000000d5f80000,0x00000000da080000,0x00000000da080000)
  from space 5120K, 0% used [0x00000000da080000,0x00000000da080000,0x00000000da580000)
  to   space 8704K, 0% used [0x00000000dea00000,0x00000000dea00000,0x00000000df280000)
 ParOldGen       total 45056K, used 5413K [0x0000000081e00000, 0x0000000084a00000, 0x00000000d5f80000)
  object space 45056K, 12% used [0x0000000081e00000,0x0000000082349420,0x0000000084a00000)
 Metaspace       used 24064K, capacity 25636K, committed 25776K, reserved 1071104K
  class space    used 3111K, capacity 3428K, committed 3504K, reserved 1048576K
Event: 2.547 GC heap after
Heap after GC invocations=7 (full 1):
 PSYoungGen      total 132608K, used 6547K [0x00000000d5f80000, 0x00000000df080000, 0x0000000100000000)
  eden space 125952K, 0% used [0x00000000d5f80000,0x00000000d5f80000,0x00000000dda80000)
  from space 6656K, 98% used [0x00000000dea00000,0x00000000df064d18,0x00000000df080000)
  to   space 8704K, 0% used [0x00000000ddf80000,0x00000000ddf80000,0x00000000de800000)
 ParOldGen       total 45056K, used 5421K [0x0000000081e00000, 0x0000000084a00000, 0x00000000d5f80000)
  object space 45056K, 12% used [0x0000000081e00000,0x000000008234b420,0x0000000084a00000)
 Metaspace       used 24064K, capacity 25636K, committed 25776K, reserved 1071104K
  class space    used 3111K, capacity 3428K, committed 3504K, reserved 1048576K
}
Event: 4.843 GC heap before
{Heap before GC invocations=8 (full 1):
 PSYoungGen      total 132608K, used 132499K [0x00000000d5f80000, 0x00000000df080000, 0x0000000100000000)
  eden space 125952K, 100% used [0x00000000d5f80000,0x00000000dda80000,0x00000000dda80000)
  from space 6656K, 98% used [0x00000000dea00000,0x00000000df064d18,0x00000000df080000)
  to   space 8704K, 0% used [0x00000000ddf80000,0x00000000ddf80000,0x00000000de800000)
 ParOldGen       total 45056K, used 5421K [0x0000000081e00000, 0x0000000084a00000, 0x00000000d5f80000)
  object space 45056K, 12% used [0x0000000081e00000,0x000000008234b420,0x0000000084a00000)
 Metaspace       used 33105K, capacity 35120K, committed 35376K, reserved 1079296K
  class space    used 4410K, capacity 4794K, committed 4912K, reserved 1048576K
Event: 4.859 GC heap after
Heap after GC invocations=8 (full 1):
 PSYoungGen      total 134656K, used 8703K [0x00000000d5f80000, 0x00000000df080000, 0x0000000100000000)
  eden space 125952K, 0% used [0x00000000d5f80000,0x00000000d5f80000,0x00000000dda80000)
  from space 8704K, 99% used [0x00000000ddf80000,0x00000000de7fff70,0x00000000de800000)
  to   space 6656K, 0% used [0x00000000dea00000,0x00000000dea00000,0x00000000df080000)
 ParOldGen       total 45056K, used 8369K [0x0000000081e00000, 0x0000000084a00000, 0x00000000d5f80000)
  object space 45056K, 18% used [0x0000000081e00000,0x000000008262c580,0x0000000084a00000)
 Metaspace       used 33105K, capacity 35120K, committed 35376K, reserved 1079296K
  class space    used 4410K, capacity 4794K, committed 4912K, reserved 1048576K
}
Event: 4.905 GC heap before
{Heap before GC invocations=9 (full 1):
 PSYoungGen      total 134656K, used 10824K [0x00000000d5f80000, 0x00000000df080000, 0x0000000100000000)
  eden space 125952K, 1% used [0x00000000d5f80000,0x00000000d6192288,0x00000000dda80000)
  from space 8704K, 99% used [0x00000000ddf80000,0x00000000de7fff70,0x00000000de800000)
  to   space 6656K, 0% used [0x00000000dea00000,0x00000000dea00000,0x00000000df080000)
 ParOldGen       total 45056K, used 8369K [0x0000000081e00000, 0x0000000084a00000, 0x00000000d5f80000)
  object space 45056K, 18% used [0x0000000081e00000,0x000000008262c580,0x0000000084a00000)
 Metaspace       used 33308K, capacity 35332K, committed 35496K, reserved 1079296K
  class space    used 4420K, capacity 4798K, committed 4912K, reserved 1048576K
Event: 4.909 GC heap after
Heap after GC invocations=9 (full 1):
 PSYoungGen      total 132608K, used 6026K [0x00000000d5f80000, 0x00000000df080000, 0x0000000100000000)
  eden space 125952K, 0% used [0x00000000d5f80000,0x00000000d5f80000,0x00000000dda80000)
  from space 6656K, 90% used [0x00000000dea00000,0x00000000defe2870,0x00000000df080000)
  to   space 8704K, 0% used [0x00000000ddf80000,0x00000000ddf80000,0x00000000de800000)
 ParOldGen       total 45056K, used 8377K [0x0000000081e00000, 0x0000000084a00000, 0x00000000d5f80000)
  object space 45056K, 18% used [0x0000000081e00000,0x000000008262e580,0x0000000084a00000)
 Metaspace       used 33308K, capacity 35332K, committed 35496K, reserved 1079296K
  class space    used 4420K, capacity 4798K, committed 4912K, reserved 1048576K
}
Event: 4.909 GC heap before
{Heap before GC invocations=10 (full 2):
 PSYoungGen      total 132608K, used 6026K [0x00000000d5f80000, 0x00000000df080000, 0x0000000100000000)
  eden space 125952K, 0% used [0x00000000d5f80000,0x00000000d5f80000,0x00000000dda80000)
  from space 6656K, 90% used [0x00000000dea00000,0x00000000defe2870,0x00000000df080000)
  to   space 8704K, 0% used [0x00000000ddf80000,0x00000000ddf80000,0x00000000de800000)
 ParOldGen       total 45056K, used 8377K [0x0000000081e00000, 0x0000000084a00000, 0x00000000d5f80000)
  object space 45056K, 18% used [0x0000000081e00000,0x000000008262e580,0x0000000084a00000)
 Metaspace       used 33308K, capacity 35332K, committed 35496K, reserved 1079296K
  class space    used 4420K, capacity 4798K, committed 4912K, reserved 1048576K
Event: 4.950 GC heap after
Heap after GC invocations=10 (full 2):
 PSYoungGen      total 132608K, used 0K [0x00000000d5f80000, 0x00000000df080000, 0x0000000100000000)
  eden space 125952K, 0% used [0x00000000d5f80000,0x00000000d5f80000,0x00000000dda80000)
  from space 6656K, 0% used [0x00000000dea00000,0x00000000dea00000,0x00000000df080000)
  to   space 8704K, 0% used [0x00000000ddf80000,0x00000000ddf80000,0x00000000de800000)
 ParOldGen       total 56832K, used 11164K [0x0000000081e00000, 0x0000000085580000, 0x00000000d5f80000)
  object space 56832K, 19% used [0x0000000081e00000,0x00000000828e7010,0x0000000085580000)
 Metaspace       used 33308K, capacity 35332K, committed 35496K, reserved 1079296K
  class space    used 4420K, capacity 4798K, committed 4912K, reserved 1048576K
}

